<?xml version="1.0" encoding="UTF-8"?>
<!-- Generated by org.testng.reporters.JUnitReportReporter -->
<testsuite skipped="0" hostname="Dell" name="com.nopcommerce.TestCases.TC_001_Registration" tests="2" failures="0" timestamp="2022-01-27T11:44:27 IST" time="6.730" errors="0">
  <testcase name="successpage" time="0.037" classname="com.nopcommerce.TestCases.TC_001_Registration"/>
  <system-out/>
  <testcase name="registration" time="6.693" classname="com.nopcommerce.TestCases.TC_001_Registration"/>
  <system-out>
    <![CDATA[entered first name
entered last name
entered email
entered password
Confirm Password
Click register button]]>
  </system-out>
</testsuite> <!-- com.nopcommerce.TestCases.TC_001_Registration -->
