<?xml version="1.0" encoding="UTF-8"?>
<!-- Generated by org.testng.reporters.JUnitReportReporter -->
<testsuite skipped="0" hostname="Dell" name="com.nopcommerce.TestCases.TC_002_Registration" tests="2" failures="0" timestamp="2022-01-27T11:44:26 IST" time="7.510" errors="0">
  <testcase name="successpage" time="0.044" classname="com.nopcommerce.TestCases.TC_002_Registration"/>
  <system-out/>
  <testcase name="registration" time="7.466" classname="com.nopcommerce.TestCases.TC_002_Registration"/>
  <system-out>
    <![CDATA[selected gender female
entered first name
entered last name
entered birth day
entered birth month
entered birth year
entered email
entered password
Confirm Password
Click register button]]>
  </system-out>
</testsuite> <!-- com.nopcommerce.TestCases.TC_002_Registration -->
