<?xml version="1.0" encoding="UTF-8"?>
<!-- Generated by org.testng.reporters.JUnitReportReporter -->
<testsuite skipped="0" hostname="Dell" name="com.nopcommerce.TestCases.TC_004_Registration" tests="2" failures="0" timestamp="2022-01-27T11:44:26 IST" time="7.080" errors="0">
  <testcase name="registration" time="6.991" classname="com.nopcommerce.TestCases.TC_004_Registration"/>
  <system-out>
    <![CDATA[entered first name
entered last name
entered email
entered password
Confirm Password
Click register button]]>
  </system-out>
  <testcase name="emailerror" time="0.089" classname="com.nopcommerce.TestCases.TC_004_Registration"/>
  <system-out/>
</testsuite> <!-- com.nopcommerce.TestCases.TC_004_Registration -->
