<?xml version="1.0" encoding="UTF-8"?>
<!-- Generated by org.testng.reporters.JUnitReportReporter -->
<testsuite skipped="0" hostname="Dell" name="com.nopcommerce.TestCases.TC_003_Registration" tests="2" failures="0" timestamp="2022-01-27T11:44:26 IST" time="2.584" errors="0">
  <testcase name="errormessages" time="0.047" classname="com.nopcommerce.TestCases.TC_003_Registration"/>
  <system-out>
    <![CDATA[Checking error message for First Name
Checking error for Last Name
Cheking for Email
Checking error for Password
Checking error for Confirm Password]]>
  </system-out>
  <testcase name="registration" time="2.537" classname="com.nopcommerce.TestCases.TC_003_Registration"/>
  <system-out/>
</testsuite> <!-- com.nopcommerce.TestCases.TC_003_Registration -->
